#pos	ref>mut	freq	phasedRatioOfMutant	phasedMutX	unphasedMutX	wildtypeX	phasedMuXF	unphasedMutF	wildtypeF

./056_8.sam.phasing
4278	A>G	0.09906	0.021	39	1777	23392	0.001	0.07	0.927
4356	A>G	0.07361	0.018	10	518	3504	0.002	0.128	0.869
4547	T>G	0.05543	

./057_17.sam.phasing
2392	A>T	0.0826	0	1	2495	12239	0	0.169	0.83
2400	G>T	0.08057	

./060_18.sam.phasing
1096	C>T	0.25571	0.091	1255	12496	4127	0.07	0.698	0.23
1241	A>G	0.57805	

./060_19.sam.phasing
5412	A>G	0.15266	0.066	59	825	1192	0.028	0.397	0.574
5640	C>T	0.10224	

./077_5.sam.phasing
10360	G>A	0.15275	0.989	3947	43	17838	0.18	0.001	0.817
10365	T>G	0.18846	0.986	4364	61	17546	0.198	0.002	0.798
10367	C>T	0.18967	0.977	4511	106	16622	0.212	0.004	0.782
10373	G>A	0.21823	0.919	5149	448	12664	0.281	0.024	0.693
10398	T>C	0.38568	

./078_2.sam.phasing
10360	G>A	0.13086	0.985	2984	45	15938	0.157	0.002	0.84
10365	T>G	0.16438	0.986	3320	44	15673	0.174	0.002	0.823
10367	C>T	0.16409	0.966	3420	118	14775	0.186	0.006	0.806
10373	G>A	0.19306	0.911	3936	382	11218	0.253	0.024	0.722
10398	T>C	0.34777	0.967	5955	198	7559	0.434	0.014	0.551
10425	A>G	0.50093	

./079_1.sam.phasing
10360	G>A	0.14649	0.986	3523	48	16097	0.179	0.002	0.818
10365	T>G	0.18229	0.979	3909	82	15888	0.196	0.004	0.799
10367	C>T	0.18205	0.97	4054	124	15081	0.21	0.006	0.783
10373	G>A	0.21569	0.924	4647	378	11571	0.28	0.022	0.697
10398	T>C	0.39042	

./080_9.sam.phasing
10360	G>A	0.15507	0.989	4936	52	21562	0.185	0.001	0.812
10365	T>G	0.19052	0.988	5471	65	21220	0.204	0.002	0.793
10367	C>T	0.19146	0.97	5649	171	20094	0.217	0.006	0.775
10373	G>A	0.22391	0.89	6524	805	14994	0.292	0.036	0.671
10398	T>C	0.41122	

./112_10.sam.phasing
624	C>T	0.09095	0.007	19	2390	10605	0.001	0.183	0.814
669	T>C	0.09235	

./112_11.sam.phasing
1019	T>C	0.16449	0.049	5	97	502	0.008	0.16	0.831
1243	A>G	0.11796	0.07	4	53	123	0.022	0.294	0.683
1479	G>C	0.19441	0.004	19	4524	3191	0.002	0.584	0.412
1504	A>C	0.21264	0	0	873	1602	0	0.352	0.647
1605	A>G	0.33363	

./112_12.sam.phasing
4458	G>C	0.14013	0	0	1	2	0	0.333	0.666
4677	C>T	0.1911	

./112_13.sam.phasing
6632	C>G	0.53833	0.047	155	3118	1099	0.035	0.713	0.251
6820	T>A	0.24135	

./112_14.sam.phasing
7627	A>G	0.05916	0.008	161	19102	222	0.008	0.98	0.011
7649	C>T	0.36405	0.034	252	6960	4151	0.022	0.612	0.365
7761	A>G	0.28157	

./112_15.sam.phasing
9452	G>T	0.2313	0.035	74	2040	4094	0.011	0.328	0.659
9610	G>T	0.1211	-	0	0	0	-	-	-
9969	G>T	0.0505	

./112_16.sam.phasing
10360	G>A	0.09524	0.986	3204	45	25868	0.11	0.001	0.888
10365	T>G	0.11902	0.99	3515	35	25620	0.12	0.001	0.878
10367	C>T	0.11918	0.952	3626	181	24435	0.128	0.006	0.865
10373	G>A	0.14156	0.844	4229	779	18845	0.177	0.032	0.79
10398	T>C	0.26878	

./126_3.sam.phasing
7648	G>A	0.05225	0.004	1	204	1358	0	0.13	0.868
7876	G>A	0.0657	

./126_4.sam.phasing
10360	G>A	0.06153	0.987	1986	25	26118	0.07	0	0.928
10365	T>G	0.07773	0.994	2206	13	25928	0.078	0	0.921
10367	C>T	0.0775	0.977	2266	52	25218	0.082	0.001	0.915
10373	G>A	0.08988	0.902	2536	275	8780	0.218	0.023	0.757
10398	T>C	0.31729	0.946	3821	214	5386	0.405	0.022	0.571
10425	A>G	0.51161	

./157_6.sam.phasing
4383	A>G	0.081	-	0	0	0	-	-	-
5818	G>T	0.16394	

./157_7.sam.phasing
8365	C>T	0.09328	0	29	31610	124479	0	0.202	0.797
8394	T>C	0.09035	-	0	0	0	-	-	-
8994	T>C	0.11142	
